<?xml version="1.0" encoding="UTF-8"?>
<testng-results ignored="0" total="1" passed="1" failed="0" skipped="0">
  <reporter-output>
  </reporter-output>
  <suite started-at="2024-07-24T09:07:27 ICT" name="Default suite" finished-at="2024-07-24T09:07:27 ICT" duration-ms="161">
    <groups>
    </groups>
    <test started-at="2024-07-24T09:07:27 ICT" name="Default test" finished-at="2024-07-24T09:07:27 ICT" duration-ms="161">
      <class name="automation.testsuite.Day7_Test">
        <test-method is-config="true" signature="openBrowser()[pri:0, instance:automation.testsuite.Day7_Test@428640fa]" started-at="2024-07-24T09:07:27 ICT" name="openBrowser" finished-at="2024-07-24T09:07:27 ICT" duration-ms="9" status="PASS">
          <reporter-output>
          </reporter-output>
        </test-method> <!-- openBrowser -->
        <test-method signature="testcase_1()[pri:0, instance:automation.testsuite.Day7_Test@428640fa]" started-at="2024-07-24T09:07:27 ICT" name="testcase_1" finished-at="2024-07-24T09:07:27 ICT" duration-ms="47" status="PASS">
          <reporter-output>
          </reporter-output>
        </test-method> <!-- testcase_1 -->
        <test-method is-config="true" signature="closBrowser()[pri:0, instance:automation.testsuite.Day7_Test@428640fa]" started-at="2024-07-24T09:07:27 ICT" name="closBrowser" finished-at="2024-07-24T09:07:27 ICT" duration-ms="1" status="PASS">
          <reporter-output>
          </reporter-output>
        </test-method> <!-- closBrowser -->
      </class> <!-- automation.testsuite.Day7_Test -->
    </test> <!-- Default test -->
  </suite> <!-- Default suite -->
</testng-results>
